2025-06-23 00:02:54,583 - whisper_gui - INFO - Starting Whisper GUI application
2025-06-23 00:02:54,912 - whisper_gui - INFO - PyAudio initialized successfully
2025-06-23 00:02:55,057 - whisper_gui - INFO - Keyboard hooks set up successfully
2025-06-23 00:02:55,058 - whisper_gui - INFO - GUI initialized, entering main loop
2025-06-23 00:02:55,199 - whisper_gui - INFO - Loading model: small for language: English
2025-06-23 00:02:55,295 - urllib3.connectionpool - DEBUG - Starting new HTTPS connection (1): huggingface.co:443
2025-06-23 00:02:55,460 - urllib3.connectionpool - DEBUG - https://huggingface.co:443 "GET /api/models/Systran/faster-whisper-small/revision/main HTTP/1.1" 200 1936
2025-06-23 00:02:56,596 - whisper_gui - INFO - Model loaded successfully
2025-06-23 00:03:06,790 - whisper_gui - INFO - Starting audio recording
2025-06-23 00:03:06,805 - whisper_gui - DEBUG - Audio stream opened successfully
2025-06-23 00:03:11,542 - whisper_gui - INFO - Recording stopped by user, processing audio
2025-06-23 00:03:11,551 - whisper_gui - INFO - Recording stopped, captured 74 frames
2025-06-23 00:03:11,568 - whisper_gui - INFO - Saving audio recording (74 frames)
2025-06-23 00:03:11,572 - whisper_gui - DEBUG - Audio saved to temporary file: C:\Users\roo\AppData\Local\Temp\tmp3ft2wkcu.wav
2025-06-23 00:03:11,576 - whisper_gui - INFO - Transcribing audio in language: en
2025-06-23 00:03:11,660 - faster_whisper - INFO - Processing audio with duration 00:04.736
2025-06-23 00:03:11,675 - faster_whisper - DEBUG - Processing segment at 00:00.000
2025-06-23 00:03:25,599 - faster_whisper - DEBUG - Compression ratio threshold is not met with temperature 0.0 (22.400000 > 2.400000)
2025-06-23 00:03:26,443 - whisper_gui - INFO - Transcription successful: 13 characters
2025-06-23 00:03:26,446 - whisper_gui - INFO - Saved transcription to f:\Code\Whisper\transcriptions.txt
2025-06-23 00:03:26,467 - whisper_gui - INFO - Transcription copied to clipboard
2025-06-23 00:03:26,468 - whisper_gui - INFO - Auto-pasting text in 2 seconds
2025-06-23 00:03:26,469 - whisper_gui - DEBUG - Temporary audio file removed
2025-06-23 00:03:28,525 - whisper_gui - INFO - Text auto-pasted successfully
2025-06-23 00:03:43,647 - whisper_gui - INFO - Starting audio recording
2025-06-23 00:03:43,775 - whisper_gui - DEBUG - Audio stream opened successfully
2025-06-23 00:03:49,301 - whisper_gui - INFO - Recording stopped by user, processing audio
2025-06-23 00:03:49,352 - whisper_gui - INFO - Recording stopped, captured 87 frames
2025-06-23 00:03:49,369 - whisper_gui - INFO - Saving audio recording (87 frames)
2025-06-23 00:03:49,371 - whisper_gui - DEBUG - Audio saved to temporary file: C:\Users\roo\AppData\Local\Temp\tmp08sqm9zi.wav
2025-06-23 00:03:49,372 - whisper_gui - INFO - Transcribing audio in language: en
2025-06-23 00:03:49,444 - faster_whisper - INFO - Processing audio with duration 00:05.568
2025-06-23 00:03:49,452 - faster_whisper - DEBUG - Processing segment at 00:00.000
2025-06-23 00:03:52,393 - whisper_gui - INFO - Transcription successful: 38 characters
2025-06-23 00:03:52,395 - whisper_gui - INFO - Saved transcription to f:\Code\Whisper\transcriptions.txt
2025-06-23 00:03:52,411 - whisper_gui - INFO - Transcription copied to clipboard
2025-06-23 00:03:52,412 - whisper_gui - INFO - Auto-pasting text in 2 seconds
2025-06-23 00:03:52,421 - whisper_gui - DEBUG - Temporary audio file removed
2025-06-23 00:03:54,488 - whisper_gui - INFO - Text auto-pasted successfully
