2025-06-23 00:24:29,379 - whisper_gui - INFO - Starting Whisper GUI application
2025-06-23 00:24:29,746 - whisper_gui - INFO - PyAudio initialized successfully
2025-06-23 00:24:29,924 - whisper_gui - INFO - Keyboard hooks set up successfully
2025-06-23 00:24:29,924 - whisper_gui - INFO - GUI initialized, entering main loop
2025-06-23 00:24:30,119 - whisper_gui - INFO - Loading Whisper model - this may take a few seconds
2025-06-23 00:24:30,120 - whisper_gui - INFO - Loading model: small for language: English
2025-06-23 00:24:30,201 - whisper_gui - INFO - Attempting to load model from cache
2025-06-23 00:24:30,204 - urllib3.connectionpool - DEBUG - Starting new HTTPS connection (1): huggingface.co:443
2025-06-23 00:24:30,377 - urllib3.connectionpool - DEBUG - https://huggingface.co:443 "GET /api/models/Systran/faster-whisper-small/revision/main HTTP/1.1" 200 1936
2025-06-23 00:24:31,514 - whisper_gui - INFO - Model loaded successfully from cache
2025-06-23 00:24:31,515 - whisper_gui - INFO - Model loaded successfully
2025-06-23 00:24:37,746 - whisper_gui - INFO - Starting audio recording
2025-06-23 00:24:37,787 - whisper_gui - DEBUG - Audio stream opened successfully
2025-06-23 00:24:48,745 - whisper_gui - INFO - Recording stopped by user, processing audio
2025-06-23 00:24:48,745 - whisper_gui - INFO - Recording stopped, captured 171 frames
2025-06-23 00:24:48,764 - whisper_gui - INFO - Saving audio recording (171 frames)
2025-06-23 00:24:48,766 - whisper_gui - DEBUG - Audio saved to temporary file: C:\Users\roo\AppData\Local\Temp\tmpeaj95ll2.wav
2025-06-23 00:24:48,768 - whisper_gui - INFO - Transcribing audio in language: en
2025-06-23 00:24:48,856 - faster_whisper - INFO - Processing audio with duration 00:10.944
2025-06-23 00:24:48,874 - faster_whisper - DEBUG - Processing segment at 00:00.000
2025-06-23 00:24:53,111 - whisper_gui - INFO - Transcription successful: 40 characters
2025-06-23 00:24:53,132 - whisper_gui - INFO - Saved transcription to F:\Code\Whisper\transcriptions.txt
2025-06-23 00:24:53,148 - whisper_gui - INFO - Transcription copied to clipboard
2025-06-23 00:24:53,150 - whisper_gui - INFO - Auto-pasting text in 2 seconds
2025-06-23 00:24:53,155 - whisper_gui - DEBUG - Temporary audio file removed
2025-06-23 00:24:55,213 - whisper_gui - INFO - Text auto-pasted successfully
2025-06-23 00:25:01,958 - whisper_gui - INFO - Application closing, cleaning up resources
2025-06-23 00:25:01,959 - whisper_gui - DEBUG - Keyboard hooks unhooked
2025-06-23 00:25:01,959 - whisper_gui - DEBUG - PyAudio terminated
2025-06-23 00:25:01,959 - whisper_gui - INFO - Application shutdown complete
